<?xml version="1.0" encoding="UTF-8"?>
<testsuite xmlns:xsi="http://www.w3.org/2001/XMLSchema-instance" xsi:noNamespaceSchemaLocation="https://maven.apache.org/surefire/maven-surefire-plugin/xsd/surefire-test-report.xsd" name="com.br.globo.signature.restapi.PurchaseControllerIntegrationTest" time="11.888" tests="1" errors="0" skipped="0" failures="0">
  <properties>
    <property name="java.specification.version" value="15"/>
    <property name="sun.jnu.encoding" value="UTF-8"/>
    <property name="java.class.path" value="/Users/andrefranco/git/git/signature/target/test-classes:/Users/andrefranco/git/git/signature/target/classes:/Users/andrefranco/.m2/repository/org/springframework/boot/spring-boot-starter-amqp/2.4.10/spring-boot-starter-amqp-2.4.10.jar:/Users/andrefranco/.m2/repository/org/springframework/boot/spring-boot-starter/2.4.10/spring-boot-starter-2.4.10.jar:/Users/andrefranco/.m2/repository/org/springframework/boot/spring-boot/2.4.10/spring-boot-2.4.10.jar:/Users/andrefranco/.m2/repository/org/springframework/boot/spring-boot-autoconfigure/2.4.10/spring-boot-autoconfigure-2.4.10.jar:/Users/andrefranco/.m2/repository/org/springframework/boot/spring-boot-starter-logging/2.4.10/spring-boot-starter-logging-2.4.10.jar:/Users/andrefranco/.m2/repository/ch/qos/logback/logback-classic/1.2.5/logback-classic-1.2.5.jar:/Users/andrefranco/.m2/repository/ch/qos/logback/logback-core/1.2.5/logback-core-1.2.5.jar:/Users/andrefranco/.m2/repository/org/apache/logging/log4j/log4j-to-slf4j/2.13.3/log4j-to-slf4j-2.13.3.jar:/Users/andrefranco/.m2/repository/org/apache/logging/log4j/log4j-api/2.13.3/log4j-api-2.13.3.jar:/Users/andrefranco/.m2/repository/org/slf4j/jul-to-slf4j/1.7.32/jul-to-slf4j-1.7.32.jar:/Users/andrefranco/.m2/repository/jakarta/annotation/jakarta.annotation-api/1.3.5/jakarta.annotation-api-1.3.5.jar:/Users/andrefranco/.m2/repository/org/yaml/snakeyaml/1.27/snakeyaml-1.27.jar:/Users/andrefranco/.m2/repository/org/springframework/spring-messaging/5.3.9/spring-messaging-5.3.9.jar:/Users/andrefranco/.m2/repository/org/springframework/spring-beans/5.3.9/spring-beans-5.3.9.jar:/Users/andrefranco/.m2/repository/org/springframework/amqp/spring-rabbit/2.3.10/spring-rabbit-2.3.10.jar:/Users/andrefranco/.m2/repository/org/springframework/amqp/spring-amqp/2.3.10/spring-amqp-2.3.10.jar:/Users/andrefranco/.m2/repository/com/rabbitmq/amqp-client/5.10.0/amqp-client-5.10.0.jar:/Users/andrefranco/.m2/repository/org/springframework/spring-context/5.3.9/spring-context-5.3.9.jar:/Users/andrefranco/.m2/repository/org/springframework/spring-tx/5.3.9/spring-tx-5.3.9.jar:/Users/andrefranco/.m2/repository/org/springframework/boot/spring-boot-starter-data-mongodb/2.4.10/spring-boot-starter-data-mongodb-2.4.10.jar:/Users/andrefranco/.m2/repository/org/mongodb/mongodb-driver-sync/4.1.2/mongodb-driver-sync-4.1.2.jar:/Users/andrefranco/.m2/repository/org/mongodb/bson/4.1.2/bson-4.1.2.jar:/Users/andrefranco/.m2/repository/org/mongodb/mongodb-driver-core/4.1.2/mongodb-driver-core-4.1.2.jar:/Users/andrefranco/.m2/repository/org/springframework/data/spring-data-mongodb/3.1.12/spring-data-mongodb-3.1.12.jar:/Users/andrefranco/.m2/repository/org/springframework/spring-expression/5.3.9/spring-expression-5.3.9.jar:/Users/andrefranco/.m2/repository/org/springframework/data/spring-data-commons/2.4.12/spring-data-commons-2.4.12.jar:/Users/andrefranco/.m2/repository/org/springframework/boot/spring-boot-starter-validation/2.4.10/spring-boot-starter-validation-2.4.10.jar:/Users/andrefranco/.m2/repository/org/glassfish/jakarta.el/3.0.3/jakarta.el-3.0.3.jar:/Users/andrefranco/.m2/repository/org/hibernate/validator/hibernate-validator/6.1.7.Final/hibernate-validator-6.1.7.Final.jar:/Users/andrefranco/.m2/repository/jakarta/validation/jakarta.validation-api/2.0.2/jakarta.validation-api-2.0.2.jar:/Users/andrefranco/.m2/repository/org/jboss/logging/jboss-logging/3.4.2.Final/jboss-logging-3.4.2.Final.jar:/Users/andrefranco/.m2/repository/org/springframework/boot/spring-boot-starter-web/2.4.10/spring-boot-starter-web-2.4.10.jar:/Users/andrefranco/.m2/repository/org/springframework/boot/spring-boot-starter-json/2.4.10/spring-boot-starter-json-2.4.10.jar:/Users/andrefranco/.m2/repository/com/fasterxml/jackson/core/jackson-databind/2.11.4/jackson-databind-2.11.4.jar:/Users/andrefranco/.m2/repository/com/fasterxml/jackson/core/jackson-core/2.11.4/jackson-core-2.11.4.jar:/Users/andrefranco/.m2/repository/com/fasterxml/jackson/datatype/jackson-datatype-jdk8/2.11.4/jackson-datatype-jdk8-2.11.4.jar:/Users/andrefranco/.m2/repository/com/fasterxml/jackson/datatype/jackson-datatype-jsr310/2.11.4/jackson-datatype-jsr310-2.11.4.jar:/Users/andrefranco/.m2/repository/com/fasterxml/jackson/module/jackson-module-parameter-names/2.11.4/jackson-module-parameter-names-2.11.4.jar:/Users/andrefranco/.m2/repository/org/springframework/boot/spring-boot-starter-tomcat/2.4.10/spring-boot-starter-tomcat-2.4.10.jar:/Users/andrefranco/.m2/repository/org/apache/tomcat/embed/tomcat-embed-core/9.0.52/tomcat-embed-core-9.0.52.jar:/Users/andrefranco/.m2/repository/org/apache/tomcat/embed/tomcat-embed-websocket/9.0.52/tomcat-embed-websocket-9.0.52.jar:/Users/andrefranco/.m2/repository/org/springframework/spring-web/5.3.9/spring-web-5.3.9.jar:/Users/andrefranco/.m2/repository/org/springframework/spring-webmvc/5.3.9/spring-webmvc-5.3.9.jar:/Users/andrefranco/.m2/repository/org/springframework/spring-aop/5.3.9/spring-aop-5.3.9.jar:/Users/andrefranco/.m2/repository/org/springframework/cloud/spring-cloud-stream/3.1.3/spring-cloud-stream-3.1.3.jar:/Users/andrefranco/.m2/repository/org/springframework/integration/spring-integration-core/5.4.10/spring-integration-core-5.4.10.jar:/Users/andrefranco/.m2/repository/io/projectreactor/reactor-core/3.4.9/reactor-core-3.4.9.jar:/Users/andrefranco/.m2/repository/org/reactivestreams/reactive-streams/1.0.3/reactive-streams-1.0.3.jar:/Users/andrefranco/.m2/repository/org/springframework/integration/spring-integration-jmx/5.4.10/spring-integration-jmx-5.4.10.jar:/Users/andrefranco/.m2/repository/org/springframework/retry/spring-retry/1.3.1/spring-retry-1.3.1.jar:/Users/andrefranco/.m2/repository/javax/annotation/javax.annotation-api/1.3.2/javax.annotation-api-1.3.2.jar:/Users/andrefranco/.m2/repository/org/springframework/cloud/spring-cloud-function-context/3.1.3/spring-cloud-function-context-3.1.3.jar:/Users/andrefranco/.m2/repository/net/jodah/typetools/0.6.2/typetools-0.6.2.jar:/Users/andrefranco/.m2/repository/org/springframework/cloud/spring-cloud-function-core/3.1.3/spring-cloud-function-core-3.1.3.jar:/Users/andrefranco/.m2/repository/org/springframework/cloud/spring-cloud-stream-binder-rabbit/3.1.3/spring-cloud-stream-binder-rabbit-3.1.3.jar:/Users/andrefranco/.m2/repository/org/springframework/cloud/spring-cloud-stream-binder-rabbit-core/3.1.3/spring-cloud-stream-binder-rabbit-core-3.1.3.jar:/Users/andrefranco/.m2/repository/org/springframework/integration/spring-integration-amqp/5.4.10/spring-integration-amqp-5.4.10.jar:/Users/andrefranco/.m2/repository/com/rabbitmq/http-client/2.1.0.RELEASE/http-client-2.1.0.RELEASE.jar:/Users/andrefranco/.m2/repository/org/apache/httpcomponents/httpclient/4.5.13/httpclient-4.5.13.jar:/Users/andrefranco/.m2/repository/org/apache/httpcomponents/httpcore/4.4.14/httpcore-4.4.14.jar:/Users/andrefranco/.m2/repository/commons-codec/commons-codec/1.15/commons-codec-1.15.jar:/Users/andrefranco/.m2/repository/io/springfox/springfox-swagger2/2.9.2/springfox-swagger2-2.9.2.jar:/Users/andrefranco/.m2/repository/io/swagger/swagger-annotations/1.5.20/swagger-annotations-1.5.20.jar:/Users/andrefranco/.m2/repository/io/swagger/swagger-models/1.5.20/swagger-models-1.5.20.jar:/Users/andrefranco/.m2/repository/com/fasterxml/jackson/core/jackson-annotations/2.11.4/jackson-annotations-2.11.4.jar:/Users/andrefranco/.m2/repository/io/springfox/springfox-spi/2.9.2/springfox-spi-2.9.2.jar:/Users/andrefranco/.m2/repository/io/springfox/springfox-core/2.9.2/springfox-core-2.9.2.jar:/Users/andrefranco/.m2/repository/io/springfox/springfox-schema/2.9.2/springfox-schema-2.9.2.jar:/Users/andrefranco/.m2/repository/io/springfox/springfox-swagger-common/2.9.2/springfox-swagger-common-2.9.2.jar:/Users/andrefranco/.m2/repository/io/springfox/springfox-spring-web/2.9.2/springfox-spring-web-2.9.2.jar:/Users/andrefranco/.m2/repository/com/google/guava/guava/20.0/guava-20.0.jar:/Users/andrefranco/.m2/repository/com/fasterxml/classmate/1.5.1/classmate-1.5.1.jar:/Users/andrefranco/.m2/repository/org/slf4j/slf4j-api/1.7.32/slf4j-api-1.7.32.jar:/Users/andrefranco/.m2/repository/org/springframework/plugin/spring-plugin-core/1.2.0.RELEASE/spring-plugin-core-1.2.0.RELEASE.jar:/Users/andrefranco/.m2/repository/org/springframework/plugin/spring-plugin-metadata/1.2.0.RELEASE/spring-plugin-metadata-1.2.0.RELEASE.jar:/Users/andrefranco/.m2/repository/org/mapstruct/mapstruct/1.2.0.Final/mapstruct-1.2.0.Final.jar:/Users/andrefranco/.m2/repository/io/springfox/springfox-swagger-ui/2.9.2/springfox-swagger-ui-2.9.2.jar:/Users/andrefranco/.m2/repository/io/springfox/springfox-bean-validators/2.9.2/springfox-bean-validators-2.9.2.jar:/Users/andrefranco/.m2/repository/com/h2database/h2/1.4.200/h2-1.4.200.jar:/Users/andrefranco/.m2/repository/org/projectlombok/lombok/1.18.20/lombok-1.18.20.jar:/Users/andrefranco/.m2/repository/org/apache/commons/commons-lang3/3.11/commons-lang3-3.11.jar:/Users/andrefranco/.m2/repository/org/springframework/boot/spring-boot-starter-test/2.4.10/spring-boot-starter-test-2.4.10.jar:/Users/andrefranco/.m2/repository/org/springframework/boot/spring-boot-test/2.4.10/spring-boot-test-2.4.10.jar:/Users/andrefranco/.m2/repository/org/springframework/boot/spring-boot-test-autoconfigure/2.4.10/spring-boot-test-autoconfigure-2.4.10.jar:/Users/andrefranco/.m2/repository/com/jayway/jsonpath/json-path/2.4.0/json-path-2.4.0.jar:/Users/andrefranco/.m2/repository/net/minidev/json-smart/2.3.1/json-smart-2.3.1.jar:/Users/andrefranco/.m2/repository/net/minidev/accessors-smart/2.3.1/accessors-smart-2.3.1.jar:/Users/andrefranco/.m2/repository/org/ow2/asm/asm/5.0.4/asm-5.0.4.jar:/Users/andrefranco/.m2/repository/jakarta/xml/bind/jakarta.xml.bind-api/2.3.3/jakarta.xml.bind-api-2.3.3.jar:/Users/andrefranco/.m2/repository/jakarta/activation/jakarta.activation-api/1.2.2/jakarta.activation-api-1.2.2.jar:/Users/andrefranco/.m2/repository/org/hamcrest/hamcrest/2.2/hamcrest-2.2.jar:/Users/andrefranco/.m2/repository/org/junit/jupiter/junit-jupiter/5.7.2/junit-jupiter-5.7.2.jar:/Users/andrefranco/.m2/repository/org/junit/jupiter/junit-jupiter-api/5.7.2/junit-jupiter-api-5.7.2.jar:/Users/andrefranco/.m2/repository/org/apiguardian/apiguardian-api/1.1.0/apiguardian-api-1.1.0.jar:/Users/andrefranco/.m2/repository/org/opentest4j/opentest4j/1.2.0/opentest4j-1.2.0.jar:/Users/andrefranco/.m2/repository/org/junit/platform/junit-platform-commons/1.7.2/junit-platform-commons-1.7.2.jar:/Users/andrefranco/.m2/repository/org/junit/jupiter/junit-jupiter-params/5.7.2/junit-jupiter-params-5.7.2.jar:/Users/andrefranco/.m2/repository/org/junit/jupiter/junit-jupiter-engine/5.7.2/junit-jupiter-engine-5.7.2.jar:/Users/andrefranco/.m2/repository/org/junit/platform/junit-platform-engine/1.7.2/junit-platform-engine-1.7.2.jar:/Users/andrefranco/.m2/repository/org/mockito/mockito-core/3.6.28/mockito-core-3.6.28.jar:/Users/andrefranco/.m2/repository/net/bytebuddy/byte-buddy/1.10.22/byte-buddy-1.10.22.jar:/Users/andrefranco/.m2/repository/net/bytebuddy/byte-buddy-agent/1.10.22/byte-buddy-agent-1.10.22.jar:/Users/andrefranco/.m2/repository/org/objenesis/objenesis/3.1/objenesis-3.1.jar:/Users/andrefranco/.m2/repository/org/mockito/mockito-junit-jupiter/3.6.28/mockito-junit-jupiter-3.6.28.jar:/Users/andrefranco/.m2/repository/org/skyscreamer/jsonassert/1.5.0/jsonassert-1.5.0.jar:/Users/andrefranco/.m2/repository/com/vaadin/external/google/android-json/0.0.20131108.vaadin1/android-json-0.0.20131108.vaadin1.jar:/Users/andrefranco/.m2/repository/org/springframework/spring-core/5.3.9/spring-core-5.3.9.jar:/Users/andrefranco/.m2/repository/org/springframework/spring-jcl/5.3.9/spring-jcl-5.3.9.jar:/Users/andrefranco/.m2/repository/org/springframework/spring-test/5.3.9/spring-test-5.3.9.jar:/Users/andrefranco/.m2/repository/org/xmlunit/xmlunit-core/2.7.0/xmlunit-core-2.7.0.jar:/Users/andrefranco/.m2/repository/de/flapdoodle/embed/de.flapdoodle.embed.mongo/2.2.0/de.flapdoodle.embed.mongo-2.2.0.jar:/Users/andrefranco/.m2/repository/de/flapdoodle/embed/de.flapdoodle.embed.process/2.1.2/de.flapdoodle.embed.process-2.1.2.jar:/Users/andrefranco/.m2/repository/net/java/dev/jna/jna/4.0.0/jna-4.0.0.jar:/Users/andrefranco/.m2/repository/net/java/dev/jna/jna-platform/4.0.0/jna-platform-4.0.0.jar:/Users/andrefranco/.m2/repository/org/apache/commons/commons-compress/1.18/commons-compress-1.18.jar:/Users/andrefranco/.m2/repository/io/rest-assured/rest-assured/3.3.0/rest-assured-3.3.0.jar:/Users/andrefranco/.m2/repository/org/codehaus/groovy/groovy/2.5.14/groovy-2.5.14.jar:/Users/andrefranco/.m2/repository/org/codehaus/groovy/groovy-xml/2.5.14/groovy-xml-2.5.14.jar:/Users/andrefranco/.m2/repository/org/apache/httpcomponents/httpmime/4.5.13/httpmime-4.5.13.jar:/Users/andrefranco/.m2/repository/org/hamcrest/hamcrest-core/2.2/hamcrest-core-2.2.jar:/Users/andrefranco/.m2/repository/org/hamcrest/hamcrest-library/2.2/hamcrest-library-2.2.jar:/Users/andrefranco/.m2/repository/org/ccil/cowan/tagsoup/tagsoup/1.2.1/tagsoup-1.2.1.jar:/Users/andrefranco/.m2/repository/io/rest-assured/json-path/3.3.0/json-path-3.3.0.jar:/Users/andrefranco/.m2/repository/org/codehaus/groovy/groovy-json/2.5.14/groovy-json-2.5.14.jar:/Users/andrefranco/.m2/repository/io/rest-assured/rest-assured-common/3.3.0/rest-assured-common-3.3.0.jar:/Users/andrefranco/.m2/repository/io/rest-assured/xml-path/3.3.0/xml-path-3.3.0.jar:/Users/andrefranco/.m2/repository/javax/xml/bind/jaxb-api/2.3.1/jaxb-api-2.3.1.jar:/Users/andrefranco/.m2/repository/javax/activation/javax.activation-api/1.2.0/javax.activation-api-1.2.0.jar:/Users/andrefranco/.m2/repository/com/sun/xml/bind/jaxb-osgi/2.2.10/jaxb-osgi-2.2.10.jar:/Users/andrefranco/.m2/repository/org/apache/sling/org.apache.sling.javax.activation/0.1.0/org.apache.sling.javax.activation-0.1.0.jar:/Users/andrefranco/.m2/repository/javax/activation/activation/1.1.1/activation-1.1.1.jar:/Users/andrefranco/.m2/repository/org/assertj/assertj-core/3.18.1/assertj-core-3.18.1.jar:/Users/andrefranco/.m2/repository/org/springframework/amqp/spring-rabbit-test/2.3.10/spring-rabbit-test-2.3.10.jar:/Users/andrefranco/.m2/repository/org/springframework/amqp/spring-rabbit-junit/2.3.10/spring-rabbit-junit-2.3.10.jar:/Users/andrefranco/.m2/repository/org/springframework/cloud/spring-cloud-stream/3.1.3/spring-cloud-stream-3.1.3-test-binder.jar:"/>
    <property name="java.vm.vendor" value="Oracle Corporation"/>
    <property name="sun.arch.data.model" value="64"/>
    <property name="java.vendor.url" value="https://openjdk.java.net/"/>
    <property name="os.name" value="Mac OS X"/>
    <property name="java.vm.specification.version" value="15"/>
    <property name="sun.java.launcher" value="SUN_STANDARD"/>
    <property name="user.country" value="BR"/>
    <property name="sun.boot.library.path" value="/usr/local/Cellar/openjdk/15.0.2/libexec/openjdk.jdk/Contents/Home/lib"/>
    <property name="sun.java.command" value="/Users/andrefranco/git/git/signature/target/surefire/surefirebooter3481740632054341239.jar /Users/andrefranco/git/git/signature/target/surefire 2021-08-27T10-38-46_348-jvmRun1 surefire6098062885813791421tmp surefire_017345555818692697799tmp"/>
    <property name="http.nonProxyHosts" value="local|*.local|169.254/16|*.169.254/16"/>
    <property name="jdk.debug" value="release"/>
    <property name="surefire.test.class.path" value="/Users/andrefranco/git/git/signature/target/test-classes:/Users/andrefranco/git/git/signature/target/classes:/Users/andrefranco/.m2/repository/org/springframework/boot/spring-boot-starter-amqp/2.4.10/spring-boot-starter-amqp-2.4.10.jar:/Users/andrefranco/.m2/repository/org/springframework/boot/spring-boot-starter/2.4.10/spring-boot-starter-2.4.10.jar:/Users/andrefranco/.m2/repository/org/springframework/boot/spring-boot/2.4.10/spring-boot-2.4.10.jar:/Users/andrefranco/.m2/repository/org/springframework/boot/spring-boot-autoconfigure/2.4.10/spring-boot-autoconfigure-2.4.10.jar:/Users/andrefranco/.m2/repository/org/springframework/boot/spring-boot-starter-logging/2.4.10/spring-boot-starter-logging-2.4.10.jar:/Users/andrefranco/.m2/repository/ch/qos/logback/logback-classic/1.2.5/logback-classic-1.2.5.jar:/Users/andrefranco/.m2/repository/ch/qos/logback/logback-core/1.2.5/logback-core-1.2.5.jar:/Users/andrefranco/.m2/repository/org/apache/logging/log4j/log4j-to-slf4j/2.13.3/log4j-to-slf4j-2.13.3.jar:/Users/andrefranco/.m2/repository/org/apache/logging/log4j/log4j-api/2.13.3/log4j-api-2.13.3.jar:/Users/andrefranco/.m2/repository/org/slf4j/jul-to-slf4j/1.7.32/jul-to-slf4j-1.7.32.jar:/Users/andrefranco/.m2/repository/jakarta/annotation/jakarta.annotation-api/1.3.5/jakarta.annotation-api-1.3.5.jar:/Users/andrefranco/.m2/repository/org/yaml/snakeyaml/1.27/snakeyaml-1.27.jar:/Users/andrefranco/.m2/repository/org/springframework/spring-messaging/5.3.9/spring-messaging-5.3.9.jar:/Users/andrefranco/.m2/repository/org/springframework/spring-beans/5.3.9/spring-beans-5.3.9.jar:/Users/andrefranco/.m2/repository/org/springframework/amqp/spring-rabbit/2.3.10/spring-rabbit-2.3.10.jar:/Users/andrefranco/.m2/repository/org/springframework/amqp/spring-amqp/2.3.10/spring-amqp-2.3.10.jar:/Users/andrefranco/.m2/repository/com/rabbitmq/amqp-client/5.10.0/amqp-client-5.10.0.jar:/Users/andrefranco/.m2/repository/org/springframework/spring-context/5.3.9/spring-context-5.3.9.jar:/Users/andrefranco/.m2/repository/org/springframework/spring-tx/5.3.9/spring-tx-5.3.9.jar:/Users/andrefranco/.m2/repository/org/springframework/boot/spring-boot-starter-data-mongodb/2.4.10/spring-boot-starter-data-mongodb-2.4.10.jar:/Users/andrefranco/.m2/repository/org/mongodb/mongodb-driver-sync/4.1.2/mongodb-driver-sync-4.1.2.jar:/Users/andrefranco/.m2/repository/org/mongodb/bson/4.1.2/bson-4.1.2.jar:/Users/andrefranco/.m2/repository/org/mongodb/mongodb-driver-core/4.1.2/mongodb-driver-core-4.1.2.jar:/Users/andrefranco/.m2/repository/org/springframework/data/spring-data-mongodb/3.1.12/spring-data-mongodb-3.1.12.jar:/Users/andrefranco/.m2/repository/org/springframework/spring-expression/5.3.9/spring-expression-5.3.9.jar:/Users/andrefranco/.m2/repository/org/springframework/data/spring-data-commons/2.4.12/spring-data-commons-2.4.12.jar:/Users/andrefranco/.m2/repository/org/springframework/boot/spring-boot-starter-validation/2.4.10/spring-boot-starter-validation-2.4.10.jar:/Users/andrefranco/.m2/repository/org/glassfish/jakarta.el/3.0.3/jakarta.el-3.0.3.jar:/Users/andrefranco/.m2/repository/org/hibernate/validator/hibernate-validator/6.1.7.Final/hibernate-validator-6.1.7.Final.jar:/Users/andrefranco/.m2/repository/jakarta/validation/jakarta.validation-api/2.0.2/jakarta.validation-api-2.0.2.jar:/Users/andrefranco/.m2/repository/org/jboss/logging/jboss-logging/3.4.2.Final/jboss-logging-3.4.2.Final.jar:/Users/andrefranco/.m2/repository/org/springframework/boot/spring-boot-starter-web/2.4.10/spring-boot-starter-web-2.4.10.jar:/Users/andrefranco/.m2/repository/org/springframework/boot/spring-boot-starter-json/2.4.10/spring-boot-starter-json-2.4.10.jar:/Users/andrefranco/.m2/repository/com/fasterxml/jackson/core/jackson-databind/2.11.4/jackson-databind-2.11.4.jar:/Users/andrefranco/.m2/repository/com/fasterxml/jackson/core/jackson-core/2.11.4/jackson-core-2.11.4.jar:/Users/andrefranco/.m2/repository/com/fasterxml/jackson/datatype/jackson-datatype-jdk8/2.11.4/jackson-datatype-jdk8-2.11.4.jar:/Users/andrefranco/.m2/repository/com/fasterxml/jackson/datatype/jackson-datatype-jsr310/2.11.4/jackson-datatype-jsr310-2.11.4.jar:/Users/andrefranco/.m2/repository/com/fasterxml/jackson/module/jackson-module-parameter-names/2.11.4/jackson-module-parameter-names-2.11.4.jar:/Users/andrefranco/.m2/repository/org/springframework/boot/spring-boot-starter-tomcat/2.4.10/spring-boot-starter-tomcat-2.4.10.jar:/Users/andrefranco/.m2/repository/org/apache/tomcat/embed/tomcat-embed-core/9.0.52/tomcat-embed-core-9.0.52.jar:/Users/andrefranco/.m2/repository/org/apache/tomcat/embed/tomcat-embed-websocket/9.0.52/tomcat-embed-websocket-9.0.52.jar:/Users/andrefranco/.m2/repository/org/springframework/spring-web/5.3.9/spring-web-5.3.9.jar:/Users/andrefranco/.m2/repository/org/springframework/spring-webmvc/5.3.9/spring-webmvc-5.3.9.jar:/Users/andrefranco/.m2/repository/org/springframework/spring-aop/5.3.9/spring-aop-5.3.9.jar:/Users/andrefranco/.m2/repository/org/springframework/cloud/spring-cloud-stream/3.1.3/spring-cloud-stream-3.1.3.jar:/Users/andrefranco/.m2/repository/org/springframework/integration/spring-integration-core/5.4.10/spring-integration-core-5.4.10.jar:/Users/andrefranco/.m2/repository/io/projectreactor/reactor-core/3.4.9/reactor-core-3.4.9.jar:/Users/andrefranco/.m2/repository/org/reactivestreams/reactive-streams/1.0.3/reactive-streams-1.0.3.jar:/Users/andrefranco/.m2/repository/org/springframework/integration/spring-integration-jmx/5.4.10/spring-integration-jmx-5.4.10.jar:/Users/andrefranco/.m2/repository/org/springframework/retry/spring-retry/1.3.1/spring-retry-1.3.1.jar:/Users/andrefranco/.m2/repository/javax/annotation/javax.annotation-api/1.3.2/javax.annotation-api-1.3.2.jar:/Users/andrefranco/.m2/repository/org/springframework/cloud/spring-cloud-function-context/3.1.3/spring-cloud-function-context-3.1.3.jar:/Users/andrefranco/.m2/repository/net/jodah/typetools/0.6.2/typetools-0.6.2.jar:/Users/andrefranco/.m2/repository/org/springframework/cloud/spring-cloud-function-core/3.1.3/spring-cloud-function-core-3.1.3.jar:/Users/andrefranco/.m2/repository/org/springframework/cloud/spring-cloud-stream-binder-rabbit/3.1.3/spring-cloud-stream-binder-rabbit-3.1.3.jar:/Users/andrefranco/.m2/repository/org/springframework/cloud/spring-cloud-stream-binder-rabbit-core/3.1.3/spring-cloud-stream-binder-rabbit-core-3.1.3.jar:/Users/andrefranco/.m2/repository/org/springframework/integration/spring-integration-amqp/5.4.10/spring-integration-amqp-5.4.10.jar:/Users/andrefranco/.m2/repository/com/rabbitmq/http-client/2.1.0.RELEASE/http-client-2.1.0.RELEASE.jar:/Users/andrefranco/.m2/repository/org/apache/httpcomponents/httpclient/4.5.13/httpclient-4.5.13.jar:/Users/andrefranco/.m2/repository/org/apache/httpcomponents/httpcore/4.4.14/httpcore-4.4.14.jar:/Users/andrefranco/.m2/repository/commons-codec/commons-codec/1.15/commons-codec-1.15.jar:/Users/andrefranco/.m2/repository/io/springfox/springfox-swagger2/2.9.2/springfox-swagger2-2.9.2.jar:/Users/andrefranco/.m2/repository/io/swagger/swagger-annotations/1.5.20/swagger-annotations-1.5.20.jar:/Users/andrefranco/.m2/repository/io/swagger/swagger-models/1.5.20/swagger-models-1.5.20.jar:/Users/andrefranco/.m2/repository/com/fasterxml/jackson/core/jackson-annotations/2.11.4/jackson-annotations-2.11.4.jar:/Users/andrefranco/.m2/repository/io/springfox/springfox-spi/2.9.2/springfox-spi-2.9.2.jar:/Users/andrefranco/.m2/repository/io/springfox/springfox-core/2.9.2/springfox-core-2.9.2.jar:/Users/andrefranco/.m2/repository/io/springfox/springfox-schema/2.9.2/springfox-schema-2.9.2.jar:/Users/andrefranco/.m2/repository/io/springfox/springfox-swagger-common/2.9.2/springfox-swagger-common-2.9.2.jar:/Users/andrefranco/.m2/repository/io/springfox/springfox-spring-web/2.9.2/springfox-spring-web-2.9.2.jar:/Users/andrefranco/.m2/repository/com/google/guava/guava/20.0/guava-20.0.jar:/Users/andrefranco/.m2/repository/com/fasterxml/classmate/1.5.1/classmate-1.5.1.jar:/Users/andrefranco/.m2/repository/org/slf4j/slf4j-api/1.7.32/slf4j-api-1.7.32.jar:/Users/andrefranco/.m2/repository/org/springframework/plugin/spring-plugin-core/1.2.0.RELEASE/spring-plugin-core-1.2.0.RELEASE.jar:/Users/andrefranco/.m2/repository/org/springframework/plugin/spring-plugin-metadata/1.2.0.RELEASE/spring-plugin-metadata-1.2.0.RELEASE.jar:/Users/andrefranco/.m2/repository/org/mapstruct/mapstruct/1.2.0.Final/mapstruct-1.2.0.Final.jar:/Users/andrefranco/.m2/repository/io/springfox/springfox-swagger-ui/2.9.2/springfox-swagger-ui-2.9.2.jar:/Users/andrefranco/.m2/repository/io/springfox/springfox-bean-validators/2.9.2/springfox-bean-validators-2.9.2.jar:/Users/andrefranco/.m2/repository/com/h2database/h2/1.4.200/h2-1.4.200.jar:/Users/andrefranco/.m2/repository/org/projectlombok/lombok/1.18.20/lombok-1.18.20.jar:/Users/andrefranco/.m2/repository/org/apache/commons/commons-lang3/3.11/commons-lang3-3.11.jar:/Users/andrefranco/.m2/repository/org/springframework/boot/spring-boot-starter-test/2.4.10/spring-boot-starter-test-2.4.10.jar:/Users/andrefranco/.m2/repository/org/springframework/boot/spring-boot-test/2.4.10/spring-boot-test-2.4.10.jar:/Users/andrefranco/.m2/repository/org/springframework/boot/spring-boot-test-autoconfigure/2.4.10/spring-boot-test-autoconfigure-2.4.10.jar:/Users/andrefranco/.m2/repository/com/jayway/jsonpath/json-path/2.4.0/json-path-2.4.0.jar:/Users/andrefranco/.m2/repository/net/minidev/json-smart/2.3.1/json-smart-2.3.1.jar:/Users/andrefranco/.m2/repository/net/minidev/accessors-smart/2.3.1/accessors-smart-2.3.1.jar:/Users/andrefranco/.m2/repository/org/ow2/asm/asm/5.0.4/asm-5.0.4.jar:/Users/andrefranco/.m2/repository/jakarta/xml/bind/jakarta.xml.bind-api/2.3.3/jakarta.xml.bind-api-2.3.3.jar:/Users/andrefranco/.m2/repository/jakarta/activation/jakarta.activation-api/1.2.2/jakarta.activation-api-1.2.2.jar:/Users/andrefranco/.m2/repository/org/hamcrest/hamcrest/2.2/hamcrest-2.2.jar:/Users/andrefranco/.m2/repository/org/junit/jupiter/junit-jupiter/5.7.2/junit-jupiter-5.7.2.jar:/Users/andrefranco/.m2/repository/org/junit/jupiter/junit-jupiter-api/5.7.2/junit-jupiter-api-5.7.2.jar:/Users/andrefranco/.m2/repository/org/apiguardian/apiguardian-api/1.1.0/apiguardian-api-1.1.0.jar:/Users/andrefranco/.m2/repository/org/opentest4j/opentest4j/1.2.0/opentest4j-1.2.0.jar:/Users/andrefranco/.m2/repository/org/junit/platform/junit-platform-commons/1.7.2/junit-platform-commons-1.7.2.jar:/Users/andrefranco/.m2/repository/org/junit/jupiter/junit-jupiter-params/5.7.2/junit-jupiter-params-5.7.2.jar:/Users/andrefranco/.m2/repository/org/junit/jupiter/junit-jupiter-engine/5.7.2/junit-jupiter-engine-5.7.2.jar:/Users/andrefranco/.m2/repository/org/junit/platform/junit-platform-engine/1.7.2/junit-platform-engine-1.7.2.jar:/Users/andrefranco/.m2/repository/org/mockito/mockito-core/3.6.28/mockito-core-3.6.28.jar:/Users/andrefranco/.m2/repository/net/bytebuddy/byte-buddy/1.10.22/byte-buddy-1.10.22.jar:/Users/andrefranco/.m2/repository/net/bytebuddy/byte-buddy-agent/1.10.22/byte-buddy-agent-1.10.22.jar:/Users/andrefranco/.m2/repository/org/objenesis/objenesis/3.1/objenesis-3.1.jar:/Users/andrefranco/.m2/repository/org/mockito/mockito-junit-jupiter/3.6.28/mockito-junit-jupiter-3.6.28.jar:/Users/andrefranco/.m2/repository/org/skyscreamer/jsonassert/1.5.0/jsonassert-1.5.0.jar:/Users/andrefranco/.m2/repository/com/vaadin/external/google/android-json/0.0.20131108.vaadin1/android-json-0.0.20131108.vaadin1.jar:/Users/andrefranco/.m2/repository/org/springframework/spring-core/5.3.9/spring-core-5.3.9.jar:/Users/andrefranco/.m2/repository/org/springframework/spring-jcl/5.3.9/spring-jcl-5.3.9.jar:/Users/andrefranco/.m2/repository/org/springframework/spring-test/5.3.9/spring-test-5.3.9.jar:/Users/andrefranco/.m2/repository/org/xmlunit/xmlunit-core/2.7.0/xmlunit-core-2.7.0.jar:/Users/andrefranco/.m2/repository/de/flapdoodle/embed/de.flapdoodle.embed.mongo/2.2.0/de.flapdoodle.embed.mongo-2.2.0.jar:/Users/andrefranco/.m2/repository/de/flapdoodle/embed/de.flapdoodle.embed.process/2.1.2/de.flapdoodle.embed.process-2.1.2.jar:/Users/andrefranco/.m2/repository/net/java/dev/jna/jna/4.0.0/jna-4.0.0.jar:/Users/andrefranco/.m2/repository/net/java/dev/jna/jna-platform/4.0.0/jna-platform-4.0.0.jar:/Users/andrefranco/.m2/repository/org/apache/commons/commons-compress/1.18/commons-compress-1.18.jar:/Users/andrefranco/.m2/repository/io/rest-assured/rest-assured/3.3.0/rest-assured-3.3.0.jar:/Users/andrefranco/.m2/repository/org/codehaus/groovy/groovy/2.5.14/groovy-2.5.14.jar:/Users/andrefranco/.m2/repository/org/codehaus/groovy/groovy-xml/2.5.14/groovy-xml-2.5.14.jar:/Users/andrefranco/.m2/repository/org/apache/httpcomponents/httpmime/4.5.13/httpmime-4.5.13.jar:/Users/andrefranco/.m2/repository/org/hamcrest/hamcrest-core/2.2/hamcrest-core-2.2.jar:/Users/andrefranco/.m2/repository/org/hamcrest/hamcrest-library/2.2/hamcrest-library-2.2.jar:/Users/andrefranco/.m2/repository/org/ccil/cowan/tagsoup/tagsoup/1.2.1/tagsoup-1.2.1.jar:/Users/andrefranco/.m2/repository/io/rest-assured/json-path/3.3.0/json-path-3.3.0.jar:/Users/andrefranco/.m2/repository/org/codehaus/groovy/groovy-json/2.5.14/groovy-json-2.5.14.jar:/Users/andrefranco/.m2/repository/io/rest-assured/rest-assured-common/3.3.0/rest-assured-common-3.3.0.jar:/Users/andrefranco/.m2/repository/io/rest-assured/xml-path/3.3.0/xml-path-3.3.0.jar:/Users/andrefranco/.m2/repository/javax/xml/bind/jaxb-api/2.3.1/jaxb-api-2.3.1.jar:/Users/andrefranco/.m2/repository/javax/activation/javax.activation-api/1.2.0/javax.activation-api-1.2.0.jar:/Users/andrefranco/.m2/repository/com/sun/xml/bind/jaxb-osgi/2.2.10/jaxb-osgi-2.2.10.jar:/Users/andrefranco/.m2/repository/org/apache/sling/org.apache.sling.javax.activation/0.1.0/org.apache.sling.javax.activation-0.1.0.jar:/Users/andrefranco/.m2/repository/javax/activation/activation/1.1.1/activation-1.1.1.jar:/Users/andrefranco/.m2/repository/org/assertj/assertj-core/3.18.1/assertj-core-3.18.1.jar:/Users/andrefranco/.m2/repository/org/springframework/amqp/spring-rabbit-test/2.3.10/spring-rabbit-test-2.3.10.jar:/Users/andrefranco/.m2/repository/org/springframework/amqp/spring-rabbit-junit/2.3.10/spring-rabbit-junit-2.3.10.jar:/Users/andrefranco/.m2/repository/org/springframework/cloud/spring-cloud-stream/3.1.3/spring-cloud-stream-3.1.3-test-binder.jar:"/>
    <property name="sun.cpu.endian" value="little"/>
    <property name="user.home" value="/Users/andrefranco"/>
    <property name="user.language" value="pt"/>
    <property name="java.specification.vendor" value="Oracle Corporation"/>
    <property name="java.version.date" value="2021-01-19"/>
    <property name="java.home" value="/usr/local/Cellar/openjdk/15.0.2/libexec/openjdk.jdk/Contents/Home"/>
    <property name="file.separator" value="/"/>
    <property name="basedir" value="/Users/andrefranco/git/git/signature"/>
    <property name="java.vm.compressedOopsMode" value="Zero based"/>
    <property name="line.separator" value="&#10;"/>
    <property name="java.specification.name" value="Java Platform API Specification"/>
    <property name="java.vm.specification.vendor" value="Oracle Corporation"/>
    <property name="surefire.real.class.path" value="/Users/andrefranco/git/git/signature/target/surefire/surefirebooter3481740632054341239.jar"/>
    <property name="sun.management.compiler" value="HotSpot 64-Bit Tiered Compilers"/>
    <property name="ftp.nonProxyHosts" value="local|*.local|169.254/16|*.169.254/16"/>
    <property name="java.runtime.version" value="15.0.2+7"/>
    <property name="user.name" value="andrefranco"/>
    <property name="path.separator" value=":"/>
    <property name="os.version" value="10.16"/>
    <property name="java.runtime.name" value="OpenJDK Runtime Environment"/>
    <property name="file.encoding" value="UTF-8"/>
    <property name="java.vm.name" value="OpenJDK 64-Bit Server VM"/>
    <property name="localRepository" value="/Users/andrefranco/.m2/repository"/>
    <property name="java.vendor.url.bug" value="https://bugreport.java.com/bugreport/"/>
    <property name="java.io.tmpdir" value="/var/folders/94/jg95qxbn6t1_rl7_mlg2kh080000gn/T/"/>
    <property name="java.version" value="15.0.2"/>
    <property name="user.dir" value="/Users/andrefranco/git/git/signature"/>
    <property name="os.arch" value="x86_64"/>
    <property name="java.vm.specification.name" value="Java Virtual Machine Specification"/>
    <property name="java.library.path" value="/Users/andrefranco/Library/Java/Extensions:/Library/Java/Extensions:/Network/Library/Java/Extensions:/System/Library/Java/Extensions:/usr/lib/java:."/>
    <property name="java.vm.info" value="mixed mode, sharing"/>
    <property name="java.vendor" value="N/A"/>
    <property name="java.vm.version" value="15.0.2+7"/>
    <property name="sun.io.unicode.encoding" value="UnicodeBig"/>
    <property name="socksNonProxyHosts" value="local|*.local|169.254/16|*.169.254/16"/>
    <property name="java.class.version" value="59.0"/>
  </properties>
  <testcase name="test_should_login_sucess" classname="com.br.globo.signature.restapi.PurchaseControllerIntegrationTest" time="0.992"/>
</testsuite>